<?xml version="1.0" encoding="UTF-8" ?>
<testsuite tests="2" failures="2" name="model.BlocoTest" time="0.016" errors="0" skipped="0">
  <properties>
[...]
</properties>
  <testcase classname="model.BlocoTest" name="model.BlocoTest.testAdicionar" time="0.016">
    <failure message="O objeto não é nulo! ==&gt; expected: &lt;null&gt; but was: &lt;model.Informacao@759ebb3d&gt;" type="org.opentest4j.AssertionFailedError">org.opentest4j.AssertionFailedError: O objeto não é nulo! ==&gt; expected: &lt;null&gt; but was: &lt;model.Informacao@759ebb3d&gt;
	at org.junit.jupiter.api.AssertionUtils.fail(AssertionUtils.java:55)
	at org.junit.jupiter.api.AssertNull.failNotNull(AssertNull.java:48)
	at org.junit.jupiter.api.AssertNull.assertNull(AssertNull.java:37)
	at org.junit.jupiter.api.Assertions.assertNull(Assertions.java:266)
	at model.BlocoTest.testAdicionar(BlocoTest.java:41)
</failure>
  </testcase>
  <testcase classname="model.BlocoTest" name="model.BlocoTest.testAdicionarDois" time="0">
    <failure message="Não é nulo. ==&gt; expected: &lt;null&gt; but was: &lt;model.Informacao@ee7d9f1&gt;" type="org.opentest4j.AssertionFailedError">org.opentest4j.AssertionFailedError: Não é nulo. ==&gt; expected: &lt;null&gt; but was: &lt;model.Informacao@ee7d9f1&gt;
	at org.junit.jupiter.api.AssertionUtils.fail(AssertionUtils.java:55)
	at org.junit.jupiter.api.AssertNull.failNotNull(AssertNull.java:48)
	at org.junit.jupiter.api.AssertNull.assertNull(AssertNull.java:37)
	at org.junit.jupiter.api.Assertions.assertNull(Assertions.java:266)
	at model.BlocoTest.testAdicionarDois(BlocoTest.java:54)
</failure>
  </testcase>
</testsuite>